<?xml version="1.0" encoding="UTF-8"?>
<!-- Generated by org.testng.reporters.JUnitXMLReporter -->
<testsuite hostname="BRTL059" ignored="0" name="Zoopla Search Test Cases" tests="10" failures="0" timestamp="2020-09-04T03:57:31 PDT" time="227.21" errors="0">
  <testcase name="@BeforeTest setup" time="225.766" classname="com.zoopla.test.Fiftyproptest">
    <failure type="org.openqa.selenium.WebDriverException" message="unknown error: net::ERR_CONNECTION_TIMED_OUT
  (Session info: chrome=85.0.4183.83)
Build info: version: &amp;apos;3.141.59&amp;apos;, revision: &amp;apos;e82be7d358&amp;apos;, time: &amp;apos;2018-11-14T08:17:03&amp;apos;
System info: host: &amp;apos;BRTL059&amp;apos;, ip: &amp;apos;10.240.100.120&amp;apos;, os.name: &amp;apos;Windows 10&amp;apos;, os.arch: &amp;apos;amd64&amp;apos;, os.version: &amp;apos;10.0&amp;apos;, java.version: &amp;apos;1.8.0_201&amp;apos;
Driver info: org.openqa.selenium.chrome.ChromeDriver
Capabilities {acceptInsecureCerts: false, browserName: chrome, browserVersion: 85.0.4183.83, chrome: {chromedriverVersion: 85.0.4183.87 (cd6713ebf92fa..., userDataDir: C:\Users\NEHAAS~1\AppData\L...}, goog:chromeOptions: {debuggerAddress: localhost:49728}, javascriptEnabled: true, networkConnectionEnabled: false, pageLoadStrategy: normal, platform: WINDOWS, platformName: WINDOWS, proxy: Proxy(), setWindowRect: true, strictFileInteractability: false, timeouts: {implicit: 0, pageLoad: 300000, script: 30000}, unhandledPromptBehavior: dismiss and notify, webauthn:virtualAuthenticators: true}
Session ID: bb5447f42b2b26a083514430caffc69c">
      <![CDATA[org.openqa.selenium.WebDriverException: unknown error: net::ERR_CONNECTION_TIMED_OUT
  (Session info: chrome=85.0.4183.83)
Build info: version: '3.141.59', revision: 'e82be7d358', time: '2018-11-14T08:17:03'
System info: host: 'BRTL059', ip: '10.240.100.120', os.name: 'Windows 10', os.arch: 'amd64', os.version: '10.0', java.version: '1.8.0_201'
Driver info: org.openqa.selenium.chrome.ChromeDriver
Capabilities {acceptInsecureCerts: false, browserName: chrome, browserVersion: 85.0.4183.83, chrome: {chromedriverVersion: 85.0.4183.87 (cd6713ebf92fa..., userDataDir: C:\Users\NEHAAS~1\AppData\L...}, goog:chromeOptions: {debuggerAddress: localhost:49728}, javascriptEnabled: true, networkConnectionEnabled: false, pageLoadStrategy: normal, platform: WINDOWS, platformName: WINDOWS, proxy: Proxy(), setWindowRect: true, strictFileInteractability: false, timeouts: {implicit: 0, pageLoad: 300000, script: 30000}, unhandledPromptBehavior: dismiss and notify, webauthn:virtualAuthenticators: true}
Session ID: bb5447f42b2b26a083514430caffc69c
at org.openqa.selenium.remote.http.W3CHttpResponseCodec.createException(W3CHttpResponseCodec.java:187)
at org.openqa.selenium.remote.http.W3CHttpResponseCodec.decode(W3CHttpResponseCodec.java:122)
at org.openqa.selenium.remote.http.W3CHttpResponseCodec.decode(W3CHttpResponseCodec.java:49)
at org.openqa.selenium.remote.HttpCommandExecutor.execute(HttpCommandExecutor.java:158)
at org.openqa.selenium.remote.service.DriverCommandExecutor.execute(DriverCommandExecutor.java:83)
at org.openqa.selenium.remote.RemoteWebDriver.execute(RemoteWebDriver.java:552)
at org.openqa.selenium.remote.RemoteWebDriver.get(RemoteWebDriver.java:277)
at org.openqa.selenium.support.events.EventFiringWebDriver.lambda$new$1(EventFiringWebDriver.java:105)
at com.sun.proxy.$Proxy13.get(Unknown Source)
at org.openqa.selenium.support.events.EventFiringWebDriver.get(EventFiringWebDriver.java:165)
at com.zoopla.testbase.TestBase.init(TestBase.java:66)
at com.zoopla.test.Fiftyproptest.setup(Fiftyproptest.java:33)
... Removed 35 stack frames]]>
    </failure>
  </testcase> <!-- @BeforeTest setup -->
  <testcase name="@BeforeTest setup" time="-1.599217050276E9" classname="com.zoopla.test.Propertytest">
    <skipped/>
  </testcase> <!-- @BeforeTest setup -->
  <testcase name="@BeforeTest setup" time="-1.599217050277E9" classname="com.zoopla.test.Searchtest">
    <skipped/>
  </testcase> <!-- @BeforeTest setup -->
  <testcase name="@AfterTest teardown" time="-1.599217050833E9" classname="com.zoopla.test.Fiftyproptest">
    <skipped/>
  </testcase> <!-- @AfterTest teardown -->
  <testcase name="@AfterTest teardown" time="-1.599217050835E9" classname="com.zoopla.test.Propertytest">
    <skipped/>
  </testcase> <!-- @AfterTest teardown -->
  <testcase name="@AfterTest teardown" time="-1.599217050839E9" classname="com.zoopla.test.Searchtest">
    <skipped/>
  </testcase> <!-- @AfterTest teardown -->
  <testcase name="VarifyHomepagelabeltest" time="0.0" classname="com.zoopla.test.Searchtest">
    <skipped/>
  </testcase> <!-- VarifyHomepagelabeltest -->
  <testcase name="Varifycitynametest" time="0.0" classname="com.zoopla.test.Searchtest">
    <skipped/>
  </testcase> <!-- Varifycitynametest -->
  <testcase name="Varifytitletest" time="0.0" classname="com.zoopla.test.Propertytest">
    <skipped/>
  </testcase> <!-- Varifytitletest -->
  <testcase name="VarifyListofPropTest" time="0.0" classname="com.zoopla.test.Propertytest">
    <skipped/>
  </testcase> <!-- VarifyListofPropTest -->
  <testcase name="VarifyPropertyListValuesTest" time="0.0" classname="com.zoopla.test.Propertytest">
    <skipped/>
  </testcase> <!-- VarifyPropertyListValuesTest -->
  <testcase name="Varify5thPropertyValuesTest" time="0.0" classname="com.zoopla.test.Propertytest">
    <skipped/>
  </testcase> <!-- Varify5thPropertyValuesTest -->
  <testcase name="Varifyagentlogotest" time="0.0" classname="com.zoopla.test.Fiftyproptest">
    <skipped/>
  </testcase> <!-- Varifyagentlogotest -->
  <testcase name="Varifyagentnametest" time="0.0" classname="com.zoopla.test.Fiftyproptest">
    <skipped/>
  </testcase> <!-- Varifyagentnametest -->
  <testcase name="Varifyagentnotest" time="0.0" classname="com.zoopla.test.Fiftyproptest">
    <skipped/>
  </testcase> <!-- Varifyagentnotest -->
  <testcase name="Validateagentnametest" time="0.0" classname="com.zoopla.test.Fiftyproptest">
    <skipped/>
  </testcase> <!-- Validateagentnametest -->
</testsuite> <!-- Zoopla Search Test Cases -->
